Generated at 2019-11-18 16:10:12 +0000
Errno::EACCES: file[/var/www/html/index.html] (apache::webserver line 10) had an error: Errno::EACCES: Permission denied @ rb_sysopen - /var/www/html/index.html
/opt/chefdk/embedded/lib/ruby/2.5.0/fileutils.rb:1057:in `initialize'
/opt/chefdk/embedded/lib/ruby/2.5.0/fileutils.rb:1057:in `open'
/opt/chefdk/embedded/lib/ruby/2.5.0/fileutils.rb:1057:in `rescue in block in touch'
/opt/chefdk/embedded/lib/ruby/2.5.0/fileutils.rb:1053:in `block in touch'
/opt/chefdk/embedded/lib/ruby/2.5.0/fileutils.rb:1051:in `each'
/opt/chefdk/embedded/lib/ruby/2.5.0/fileutils.rb:1051:in `touch'
/opt/chefdk/embedded/lib/ruby/gems/2.5.0/gems/chef-14.6.47/lib/chef/file_content_management/deploy/mv_unix.rb:34:in `create'
/opt/chefdk/embedded/lib/ruby/gems/2.5.0/gems/chef-14.6.47/lib/chef/provider/file.rb:363:in `block in do_create_file'
/opt/chefdk/embedded/lib/ruby/gems/2.5.0/gems/chef-14.6.47/lib/chef/mixin/why_run.rb:51:in `add_action'
/opt/chefdk/embedded/lib/ruby/gems/2.5.0/gems/chef-14.6.47/lib/chef/provider.rb:227:in `converge_by'
/opt/chefdk/embedded/lib/ruby/gems/2.5.0/gems/chef-14.6.47/lib/chef/provider/file.rb:362:in `do_create_file'
/opt/chefdk/embedded/lib/ruby/gems/2.5.0/gems/chef-14.6.47/lib/chef/provider/file.rb:143:in `action_create'
/opt/chefdk/embedded/lib/ruby/gems/2.5.0/gems/chef-14.6.47/lib/chef/provider.rb:182:in `run_action'
/opt/chefdk/embedded/lib/ruby/gems/2.5.0/gems/chef-14.6.47/lib/chef/resource.rb:577:in `run_action'
/opt/chefdk/embedded/lib/ruby/gems/2.5.0/gems/chef-14.6.47/lib/chef/runner.rb:70:in `run_action'
/opt/chefdk/embedded/lib/ruby/gems/2.5.0/gems/chef-14.6.47/lib/chef/runner.rb:98:in `block (2 levels) in converge'
/opt/chefdk/embedded/lib/ruby/gems/2.5.0/gems/chef-14.6.47/lib/chef/runner.rb:98:in `each'
/opt/chefdk/embedded/lib/ruby/gems/2.5.0/gems/chef-14.6.47/lib/chef/runner.rb:98:in `block in converge'
/opt/chefdk/embedded/lib/ruby/gems/2.5.0/gems/chef-14.6.47/lib/chef/resource_collection/resource_list.rb:94:in `block in execute_each_resource'
/opt/chefdk/embedded/lib/ruby/gems/2.5.0/gems/chef-14.6.47/lib/chef/resource_collection/stepable_iterator.rb:114:in `call_iterator_block'
/opt/chefdk/embedded/lib/ruby/gems/2.5.0/gems/chef-14.6.47/lib/chef/resource_collection/stepable_iterator.rb:85:in `step'
/opt/chefdk/embedded/lib/ruby/gems/2.5.0/gems/chef-14.6.47/lib/chef/resource_collection/stepable_iterator.rb:103:in `iterate'
/opt/chefdk/embedded/lib/ruby/gems/2.5.0/gems/chef-14.6.47/lib/chef/resource_collection/stepable_iterator.rb:55:in `each_with_index'
/opt/chefdk/embedded/lib/ruby/gems/2.5.0/gems/chef-14.6.47/lib/chef/resource_collection/resource_list.rb:92:in `execute_each_resource'
/opt/chefdk/embedded/lib/ruby/gems/2.5.0/gems/chef-14.6.47/lib/chef/runner.rb:97:in `converge'
/opt/chefdk/embedded/lib/ruby/gems/2.5.0/gems/chef-14.6.47/lib/chef/client.rb:720:in `block in converge'
/opt/chefdk/embedded/lib/ruby/gems/2.5.0/gems/chef-14.6.47/lib/chef/client.rb:715:in `catch'
/opt/chefdk/embedded/lib/ruby/gems/2.5.0/gems/chef-14.6.47/lib/chef/client.rb:715:in `converge'
/opt/chefdk/embedded/lib/ruby/gems/2.5.0/gems/chef-14.6.47/lib/chef/client.rb:754:in `converge_and_save'
/opt/chefdk/embedded/lib/ruby/gems/2.5.0/gems/chef-14.6.47/lib/chef/client.rb:286:in `run'
/opt/chefdk/embedded/lib/ruby/gems/2.5.0/gems/chef-14.6.47/lib/chef/application.rb:303:in `run_with_graceful_exit_option'
/opt/chefdk/embedded/lib/ruby/gems/2.5.0/gems/chef-14.6.47/lib/chef/application.rb:279:in `block in run_chef_client'
/opt/chefdk/embedded/lib/ruby/gems/2.5.0/gems/chef-14.6.47/lib/chef/local_mode.rb:44:in `with_server_connectivity'
/opt/chefdk/embedded/lib/ruby/gems/2.5.0/gems/chef-14.6.47/lib/chef/application.rb:261:in `run_chef_client'
/opt/chefdk/embedded/lib/ruby/gems/2.5.0/gems/chef-14.6.47/lib/chef/application/client.rb:440:in `run_application'
/opt/chefdk/embedded/lib/ruby/gems/2.5.0/gems/chef-14.6.47/lib/chef/application.rb:66:in `run'
/opt/chefdk/embedded/lib/ruby/gems/2.5.0/gems/chef-14.6.47/bin/chef-client:25:in `<top (required)>'
/usr/bin/chef-client:296:in `load'
/usr/bin/chef-client:296:in `<main>'

>>>> Caused by Errno::ENOENT: No such file or directory @ apply2files - /var/www/html/index.html
/opt/chefdk/embedded/lib/ruby/2.5.0/fileutils.rb:1054:in `utime'
/opt/chefdk/embedded/lib/ruby/2.5.0/fileutils.rb:1054:in `block in touch'
/opt/chefdk/embedded/lib/ruby/2.5.0/fileutils.rb:1051:in `each'
/opt/chefdk/embedded/lib/ruby/2.5.0/fileutils.rb:1051:in `touch'
/opt/chefdk/embedded/lib/ruby/gems/2.5.0/gems/chef-14.6.47/lib/chef/file_content_management/deploy/mv_unix.rb:34:in `create'
/opt/chefdk/embedded/lib/ruby/gems/2.5.0/gems/chef-14.6.47/lib/chef/provider/file.rb:363:in `block in do_create_file'
/opt/chefdk/embedded/lib/ruby/gems/2.5.0/gems/chef-14.6.47/lib/chef/mixin/why_run.rb:51:in `add_action'
/opt/chefdk/embedded/lib/ruby/gems/2.5.0/gems/chef-14.6.47/lib/chef/provider.rb:227:in `converge_by'
/opt/chefdk/embedded/lib/ruby/gems/2.5.0/gems/chef-14.6.47/lib/chef/provider/file.rb:362:in `do_create_file'
/opt/chefdk/embedded/lib/ruby/gems/2.5.0/gems/chef-14.6.47/lib/chef/provider/file.rb:143:in `action_create'
/opt/chefdk/embedded/lib/ruby/gems/2.5.0/gems/chef-14.6.47/lib/chef/provider.rb:182:in `run_action'
/opt/chefdk/embedded/lib/ruby/gems/2.5.0/gems/chef-14.6.47/lib/chef/resource.rb:577:in `run_action'
/opt/chefdk/embedded/lib/ruby/gems/2.5.0/gems/chef-14.6.47/lib/chef/runner.rb:70:in `run_action'
/opt/chefdk/embedded/lib/ruby/gems/2.5.0/gems/chef-14.6.47/lib/chef/runner.rb:98:in `block (2 levels) in converge'
/opt/chefdk/embedded/lib/ruby/gems/2.5.0/gems/chef-14.6.47/lib/chef/runner.rb:98:in `each'
/opt/chefdk/embedded/lib/ruby/gems/2.5.0/gems/chef-14.6.47/lib/chef/runner.rb:98:in `block in converge'
/opt/chefdk/embedded/lib/ruby/gems/2.5.0/gems/chef-14.6.47/lib/chef/resource_collection/resource_list.rb:94:in `block in execute_each_resource'
/opt/chefdk/embedded/lib/ruby/gems/2.5.0/gems/chef-14.6.47/lib/chef/resource_collection/stepable_iterator.rb:114:in `call_iterator_block'
/opt/chefdk/embedded/lib/ruby/gems/2.5.0/gems/chef-14.6.47/lib/chef/resource_collection/stepable_iterator.rb:85:in `step'
/opt/chefdk/embedded/lib/ruby/gems/2.5.0/gems/chef-14.6.47/lib/chef/resource_collection/stepable_iterator.rb:103:in `iterate'
/opt/chefdk/embedded/lib/ruby/gems/2.5.0/gems/chef-14.6.47/lib/chef/resource_collection/stepable_iterator.rb:55:in `each_with_index'
/opt/chefdk/embedded/lib/ruby/gems/2.5.0/gems/chef-14.6.47/lib/chef/resource_collection/resource_list.rb:92:in `execute_each_resource'
/opt/chefdk/embedded/lib/ruby/gems/2.5.0/gems/chef-14.6.47/lib/chef/runner.rb:97:in `converge'
/opt/chefdk/embedded/lib/ruby/gems/2.5.0/gems/chef-14.6.47/lib/chef/client.rb:720:in `block in converge'
/opt/chefdk/embedded/lib/ruby/gems/2.5.0/gems/chef-14.6.47/lib/chef/client.rb:715:in `catch'
/opt/chefdk/embedded/lib/ruby/gems/2.5.0/gems/chef-14.6.47/lib/chef/client.rb:715:in `converge'
/opt/chefdk/embedded/lib/ruby/gems/2.5.0/gems/chef-14.6.47/lib/chef/client.rb:754:in `converge_and_save'
/opt/chefdk/embedded/lib/ruby/gems/2.5.0/gems/chef-14.6.47/lib/chef/client.rb:286:in `run'
/opt/chefdk/embedded/lib/ruby/gems/2.5.0/gems/chef-14.6.47/lib/chef/application.rb:303:in `run_with_graceful_exit_option'
/opt/chefdk/embedded/lib/ruby/gems/2.5.0/gems/chef-14.6.47/lib/chef/application.rb:279:in `block in run_chef_client'
/opt/chefdk/embedded/lib/ruby/gems/2.5.0/gems/chef-14.6.47/lib/chef/local_mode.rb:44:in `with_server_connectivity'
/opt/chefdk/embedded/lib/ruby/gems/2.5.0/gems/chef-14.6.47/lib/chef/application.rb:261:in `run_chef_client'
/opt/chefdk/embedded/lib/ruby/gems/2.5.0/gems/chef-14.6.47/lib/chef/application/client.rb:440:in `run_application'
/opt/chefdk/embedded/lib/ruby/gems/2.5.0/gems/chef-14.6.47/lib/chef/application.rb:66:in `run'
/opt/chefdk/embedded/lib/ruby/gems/2.5.0/gems/chef-14.6.47/bin/chef-client:25:in `<top (required)>'
/usr/bin/chef-client:296:in `load'
/usr/bin/chef-client:296:in `<main>'